
> intro-storybook-react-template@0.2.0 build-storybook
> storybook build --output-dir C:\Users\EDELBR~1\AppData\Local\Temp\chromatic--12780-N5DxeTzha80g

@storybook/cli v7.0.6

info => Cleaning outputDir: C:\Users\EDELBR~1\AppData\Local\Temp\chromatic--12780-N5DxeTzha80g
info => Loading presets
info => Building manager..
info => Manager built (193 ms)
info => Copying static files: D:\development\storybook-react\node_modules\@storybook\manager\static at C:\Users\EDELBR~1\AppData\Local\Temp\chromatic--12780-N5DxeTzha80g\sb-common-assets
[36mvite v4.2.2 [32mbuilding for production...[36m[39m

./sb-common-assets/fonts.css doesn't exist at build time, it will remain unchanged to be resolved at runtime
transforming...
info => Copying static files: D:\development\storybook-react\public at C:\Users\EDELBR~1\AppData\Local\Temp\chromatic--12780-N5DxeTzha80g\
[32m✓[39m 67 modules transformed.
[32m✓[39m built in 6.10s
[31mCould not resolve "./UiEmpty" from "src/components/ui/Text/UiEmpty.stories.js"[39m
file: [36mD:/development/storybook-react/src/components/ui/Text/UiEmpty.stories.js[39m
ERR! RollupError: Could not resolve "./UiEmpty" from "src/components/ui/Text/UiEmpty.stories.js"
ERR!     at error (file:///D:/development/storybook-react/node_modules/rollup/dist/es/shared/node-entry.js:2125:30)
ERR!     at ModuleLoader.handleInvalidResolvedId (file:///D:/development/storybook-react/node_modules/rollup/dist/es/shared/node-entry.js:23794:24)
ERR!     at file:///D:/development/storybook-react/node_modules/rollup/dist/es/shared/node-entry.js:23756:26
ERR!  Error [RollupError]: Could not resolve "./UiEmpty" from "src/components/ui/Text/UiEmpty.stories.js"
ERR!     at error (file:///D:/development/storybook-react/node_modules/rollup/dist/es/shared/node-entry.js:2125:30)
ERR!     at ModuleLoader.handleInvalidResolvedId (file:///D:/development/storybook-react/node_modules/rollup/dist/es/shared/node-entry.js:23794:24)
ERR!     at file:///D:/development/storybook-react/node_modules/rollup/dist/es/shared/node-entry.js:23756:26 {
ERR!   code: 'UNRESOLVED_IMPORT',
ERR!   exporter: './UiEmpty',
ERR!   id: 'D:/development/storybook-react/src/components/ui/Text/UiEmpty.stories.js',
ERR!   watchFiles: [
ERR!     'D:/development/storybook-react/iframe.html',
ERR!     '/virtual:/@storybook/builder-vite/vite-app.js',
ERR!     '\x00vite/modulepreload-polyfill',
ERR!     'D:\\development\\storybook-react\\node_modules\\@storybook\\react\\package.json',
ERR!     'D:\\development\\storybook-react\\node_modules\\@storybook\\addon-links\\package.json',
ERR!     'D:\\development\\storybook-react\\node_modules\\@storybook\\addon-essentials\\package.json',
ERR!     'D:\\development\\storybook-react\\node_modules\\@storybook\\addon-interactions\\package.json',
ERR!     'D:\\development\\storybook-react\\node_modules\\@storybook\\addon-a11y\\package.json',
ERR!     '/virtual:/@storybook/builder-vite/setup-addons.js',
ERR!     '/virtual:/@storybook/builder-vite/storybook-stories.js',
ERR!     'D:/development/storybook-react/node_modules/@storybook/react/dist/config.mjs',
ERR!     'D:/development/storybook-react/node_modules/@storybook/addon-links/dist/preview.mjs',
ERR!     'D:/development/storybook-react/node_modules/@storybook/addon-essentials/dist/docs/preview.mjs',
ERR!     'D:/development/storybook-react/node_modules/@storybook/addon-essentials/dist/actions/preview.mjs',
ERR!     'D:/development/storybook-react/node_modules/@storybook/addon-essentials/dist/backgrounds/preview.mjs',
ERR!     'D:/development/storybook-react/node_modules/@storybook/addon-essentials/dist/measure/preview.mjs',
ERR!     'D:/development/storybook-react/node_modules/@storybook/addon-essentials/dist/outline/preview.mjs',
ERR!     'D:/development/storybook-react/node_modules/@storybook/addon-essentials/dist/highlight/preview.mjs',
ERR!     'D:/development/storybook-react/node_modules/@storybook/addon-interactions/dist/preview.mjs',
ERR!     'D:/development/storybook-react/node_modules/@storybook/addon-a11y/dist/preview.mjs',
ERR!     'D:/development/storybook-react/.storybook/preview.js',
ERR!     '\x00vite/preload-helper',
ERR!     'D:\\development\\storybook-react\\node_modules\\@storybook\\docs-tools\\package.json',
ERR!     'D:\\development\\storybook-react\\node_modules\\prop-types\\package.json',
ERR!     'D:\\development\\storybook-react\\node_modules\\html-tags\\package.json',
ERR!     'D:\\development\\storybook-react\\node_modules\\escodegen\\package.json',
ERR!     'D:\\development\\storybook-react\\node_modules\\ts-dedent\\package.json',
ERR!     'D:\\development\\storybook-react\\node_modules\\acorn\\package.json',
ERR!     'D:\\development\\storybook-react\\node_modules\\acorn-jsx\\package.json',
ERR!     'D:\\development\\storybook-react\\node_modules\\acorn-walk\\package.json',
ERR!     'D:\\development\\storybook-react\\node_modules\\lodash\\package.json',
ERR!     'D:\\development\\storybook-react\\node_modules\\react-element-to-jsx-string\\package.json',
ERR!     'D:\\development\\storybook-react\\node_modules\\react\\package.json',
ERR!     'D:/development/storybook-react/node_modules/prop-types/index.js',
ERR!     'D:/development/storybook-react/node_modules/html-tags/index.js',
ERR!     'D:/development/storybook-react/node_modules/escodegen/escodegen.js',
ERR!     'D:/development/storybook-react/node_modules/ts-dedent/esm/index.js',
ERR!     'D:/development/storybook-react/node_modules/acorn-jsx/index.js',
ERR!     'D:/development/storybook-react/node_modules/lodash/isPlainObject.js',
ERR!     'D:/development/storybook-react/node_modules/lodash/isFunction.js',
ERR!     'D:/development/storybook-react/node_modules/lodash/isString.js',
ERR!     'D:/development/storybook-react/node_modules/react-element-to-jsx-string/dist/esm/index.js',
ERR!     'D:/development/storybook-react/node_modules/react/index.js',
ERR!     'D:/development/storybook-react/node_modules/@storybook/react/dist/chunk-JWY6Y6NU.mjs',
ERR!     'D:/development/storybook-react/node_modules/@storybook/react/dist/chunk-R4NKYYJA.mjs',
ERR!     'D:/development/storybook-react/node_modules/@storybook/docs-tools/dist/index.mjs',
ERR!     'D:/development/storybook-react/node_modules/acorn/dist/acorn.mjs',
ERR!     'D:/development/storybook-react/node_modules/acorn-walk/dist/walk.mjs',
ERR!     'D:\\development\\storybook-react\\node_modules\\@storybook\\addon-docs\\package.json',
ERR!     'D:/development/storybook-react/node_modules/@storybook/addon-docs/dist/preview.mjs',
ERR!     'D:\\development\\storybook-react\\node_modules\\@storybook\\addon-actions\\package.json',
ERR!     'D:/development/storybook-react/node_modules/@storybook/addon-actions/dist/preview.mjs',
ERR!     'D:\\development\\storybook-react\\node_modules\\@storybook\\addon-backgrounds\\package.json',
ERR!     'D:/development/storybook-react/node_modules/@storybook/addon-backgrounds/dist/preview.mjs',
ERR!     'D:/development/storybook-react/node_modules/@storybook/addon-links/dist/chunk-VJY7NXNQ.mjs',
ERR!     'D:/development/storybook-react/node_modules/@storybook/addon-links/dist/chunk-DXNAW7Q2.mjs',
ERR!     'D:/development/storybook-react/node_modules/@storybook/addon-links/dist/chunk-JT3VIYBO.mjs',
ERR!     'D:\\development\\storybook-react\\node_modules\\@storybook\\addon-measure\\package.json',
ERR!     'D:/development/storybook-react/node_modules/@storybook/addon-measure/dist/preview.mjs',
ERR!     'D:\\development\\storybook-react\\node_modules\\@storybook\\addon-outline\\package.json',
ERR!     'D:/development/storybook-react/node_modules/@storybook/addon-outline/dist/preview.mjs',
ERR!     'D:\\development\\storybook-react\\node_modules\\@storybook\\addon-highlight\\package.json',
ERR!     'D:/development/storybook-react/node_modules/@storybook/addon-highlight/dist/preview.mjs',
ERR!     'D:\\development\\storybook-react\\node_modules\\@storybook\\global\\package.json',
ERR!     'D:\\development\\storybook-react\\node_modules\\@storybook\\instrumenter\\package.json',
ERR!     'D:\\development\\storybook-react\\node_modules\\jest-mock\\package.json',
ERR!     'D:/development/storybook-react/node_modules/jest-mock/build/index.js',
ERR!     'D:/development/storybook-react/node_modules/@storybook/addon-interactions/dist/chunk-NNAAFZ4U.mjs',
ERR!     'D:/development/storybook-react/node_modules/@storybook/global/dist/index.mjs',
ERR!     'D:/development/storybook-react/node_modules/@storybook/instrumenter/dist/index.mjs',
ERR!     'D:\\development\\storybook-react\\node_modules\\axe-core\\package.json',
ERR!     'D:/development/storybook-react/node_modules/axe-core/axe.js',
ERR!     'D:/development/storybook-react/node_modules/@storybook/addon-a11y/dist/chunk-RCNGGLPU.mjs',
ERR!     'D:/development/storybook-react/src/index.css',
ERR!     'D:/development/storybook-react/src/stories/Introduction.mdx',
ERR!     'D:/development/storybook-react/src/components/ui/Button/UiButton.stories.js',
ERR!     'D:/development/storybook-react/src/components/ui/Empty/UiEmpty.stories.js',
ERR!     'D:/development/storybook-react/src/components/ui/Placeholder/UiPlaceholder.stories.js',
ERR!     'D:/development/storybook-react/src/components/ui/Text/UiEmpty.stories.js',
ERR!     'D:/development/storybook-react/src/components/ui/Text/UiText.stories.js',
ERR!     'D:/development/storybook-react/src/components/ui/Title/UiTitle.stories.js',
ERR!     'D:/development/storybook-react/src/components/UserCard/UserCard.stories.js',
ERR!     'D:/development/storybook-react/src/components/UserList/UserList.stories.js',
ERR!     'D:/development/storybook-react/src/stories/Button.stories.js',
ERR!     'D:/development/storybook-react/src/stories/Header.stories.js',
ERR!     'D:/development/storybook-react/src/stories/Page.stories.js',
ERR!     'D:/development/storybook-react/node_modules/prop-types/factoryWithThrowingShims.js',
ERR!     'D:/development/storybook-react/node_modules/html-tags/html-tags.json',
ERR!     'D:/development/storybook-react/node_modules/lodash/_baseGetTag.js',
ERR!     'D:/development/storybook-react/node_modules/lodash/_getPrototype.js',
ERR!     'D:/development/storybook-react/node_modules/lodash/isObjectLike.js',
ERR!     'D:/development/storybook-react/node_modules/acorn-jsx/xhtml.js',
ERR!     'D:\\development\\storybook-react\\node_modules\\estraverse\\package.json',
ERR!     'D:\\development\\storybook-react\\node_modules\\esutils\\package.json',
ERR!     'D:\\development\\storybook-react\\node_modules\\source-map\\package.json',
ERR!     'D:/development/storybook-react/node_modules/estraverse/estraverse.js',
ERR!     'D:/development/storybook-react/node_modules/esutils/lib/utils.js',
ERR!     'D:/development/storybook-react/node_modules/source-map/source-map.js',
ERR!     'D:/development/storybook-react/node_modules/escodegen/package.json',
ERR!     'D:/development/storybook-react/node_modules/lodash/isArray.js',
ERR!     ... 71 more items
ERR!   ]
ERR! }
[?25l[2K[1G[36m?[39m [1mWould you like to help improve Storybook by sending anonymous crash reports?[22m [90m»[39m [90m(Y/n)[39m^C